
> company-products-api@0.0.2 verify:frontend
> npm --prefix dashboard run verify:frontend


> dashboard@0.0.0 verify:frontend
> npm run lint && npm run test && npm run build && npm audit --omit=dev


> dashboard@0.0.0 lint
> eslint .


> dashboard@0.0.0 test
> vitest run


[1m[46m RUN [49m[22m [36mv3.2.4 [39m[90mD:/SIP_CS 2/SIP_CS/dashboard[39m

 [32m✓[39m src/components/EarningsChart.test.jsx [2m([22m[2m3 tests[22m[2m)[22m[33m 3285[2mms[22m[39m
   [33m[2m✓[22m[39m EarningsChart[2m > [22msurfaces narrative action cards for payroll lead and workforce concentration [33m 2362[2mms[22m[39m
   [33m[2m✓[22m[39m EarningsChart[2m > [22mswitches the primary breakdown to the scoped workforce mix when department scope is active [33m 808[2mms[22m[39m
 [32m✓[39m src/components/VacationChart.test.jsx [2m([22m[2m3 tests[22m[2m)[22m[33m 3793[2mms[22m[39m
   [33m[2m✓[22m[39m VacationChart[2m > [22mshows every composition segment and keeps scope separate from the mode badge [33m 3284[2mms[22m[39m
   [33m[2m✓[22m[39m VacationChart[2m > [22mopens a drilldown from the top-segment insight card [33m 395[2mms[22m[39m
 [32m✓[39m src/components/KeyboardActions.test.jsx [2m([22m[2m4 tests[22m[2m)[22m[33m 3532[2mms[22m[39m
   [33m[2m✓[22m[39m Keyboard interactions for drilldown controls[2m > [22mactivates earnings department row via keyboard [33m 2170[2mms[22m[39m
   [33m[2m✓[22m[39m Keyboard interactions for drilldown controls[2m > [22mactivates vacation segment row via keyboard [33m 433[2mms[22m[39m
   [33m[2m✓[22m[39m Keyboard interactions for drilldown controls[2m > [22msupports keyboard navigation across earnings mover tabs [33m 534[2mms[22m[39m
   [33m[2m✓[22m[39m Keyboard interactions for drilldown controls[2m > [22msupports keyboard navigation across vacation demographic tabs [33m 391[2mms[22m[39m
 [32m✓[39m src/components/AlertSettingsModal.test.jsx [2m([22m[2m1 test[22m[2m)[22m[33m 3973[2mms[22m[39m
   [33m[2m✓[22m[39m AlertSettingsModal[2m > [22mpreserves an explicit threshold of 0 when saving [33m 3968[2mms[22m[39m
 [32m✓[39m src/components/AlertsPanel.test.jsx [2m([22m[2m5 tests[22m[2m)[22m[33m 4557[2mms[22m[39m
   [33m[2m✓[22m[39m AlertsPanel benefits change flow[2m > [22mrenders payroll-impact details for benefits alerts in preview and modal [33m 2813[2mms[22m[39m
   [33m[2m✓[22m[39m AlertsPanel benefits change flow[2m > [22mopens low-count cards so single-record alerts are still reviewable [33m 557[2mms[22m[39m
   [33m[2m✓[22m[39m AlertsPanel benefits change flow[2m > [22mopens the matching alert modal when requested from the dashboard follow-up queue [33m 400[2mms[22m[39m
   [33m[2m✓[22m[39m AlertsPanel benefits change flow[2m > [22mlocks body scroll while the detail modal is open [33m 739[2mms[22m[39m
 [32m✓[39m src/components/AdminEmployeesModal.test.jsx [2m([22m[2m7 tests[22m[2m)[22m[33m 6030[2mms[22m[39m
   [33m[2m✓[22m[39m AdminEmployeesModal[2m > [22mloads employee rows and editor options [33m 450[2mms[22m[39m
   [33m[2m✓[22m[39m AdminEmployeesModal[2m > [22mcreates a new employee and shows sync feedback [33m 2222[2mms[22m[39m
   [33m[2m✓[22m[39m AdminEmployeesModal[2m > [22mblocks submit and shows validation errors for invalid date order [33m 1080[2mms[22m[39m
   [33m[2m✓[22m[39m AdminEmployeesModal[2m > [22muses page-level workspace copy when rendered as a route surface [33m 463[2mms[22m[39m
   [33m[2m✓[22m[39m AdminEmployeesModal[2m > [22mshows a generated employee id in create mode and keeps it read-only [33m 609[2mms[22m[39m
   [33m[2m✓[22m[39m AdminEmployeesModal[2m > [22mloads delivery evidence when an employee editor is opened [33m 939[2mms[22m[39m
 [32m✓[39m src/pages/OverviewPage.test.jsx [2m([22m[2m5 tests[22m[2m)[22m[33m 5763[2mms[22m[39m
   [33m[2m✓[22m[39m OverviewPage[2m > [22mrenders quick navigation and routes the earnings executive action to analytics [33m 3316[2mms[22m[39m
   [33m[2m✓[22m[39m OverviewPage[2m > [22mroutes the alert review executive action to the alerts page [33m 643[2mms[22m[39m
   [33m[2m✓[22m[39m OverviewPage[2m > [22mhides operations quick navigation when the user cannot access integration queue [33m 548[2mms[22m[39m
   [33m[2m✓[22m[39m OverviewPage[2m > [22muses summary rebuild flow for admin freshness debt actions [33m 625[2mms[22m[39m
   [33m[2m✓[22m[39m OverviewPage[2m > [22mrefreshes readiness without reloading the full overview payload [33m 624[2mms[22m[39m
 [32m✓[39m src/pages/Login.test.jsx [2m([22m[2m3 tests[22m[2m)[22m[33m 6813[2mms[22m[39m
   [33m[2m✓[22m[39m Login page[2m > [22msubmits manually entered credentials, clears the notice, and triggers auth login [33m 4169[2mms[22m[39m
   [33m[2m✓[22m[39m Login page[2m > [22mshows the same failure message inline and in toast form when sign-in fails [33m 2469[2mms[22m[39m
 [32m✓[39m src/layouts/DashboardLayout.test.jsx [2m([22m[2m6 tests[22m[2m)[22m[33m 4468[2mms[22m[39m
   [33m[2m✓[22m[39m DashboardLayout[2m > [22mrenders the overview shell with sidebar navigation and refresh actions [33m 2130[2mms[22m[39m
   [33m[2m✓[22m[39m DashboardLayout[2m > [22mswitches the default header refresh to summary rebuild when freshness semantics require it [33m 419[2mms[22m[39m
   [33m[2m✓[22m[39m DashboardLayout[2m > [22mswitches the page title for administration routes and shows privileged navigation links [33m 1114[2mms[22m[39m
   [33m[2m✓[22m[39m DashboardLayout[2m > [22mopens and closes the mobile drawer from the menu button [33m 330[2mms[22m[39m
 [32m✓[39m src/components/IntegrationEventsPanel.test.jsx [2m([22m[2m10 tests[22m[2m)[22m[33m 7849[2mms[22m[39m
   [33m[2m✓[22m[39m IntegrationEventsPanel[2m > [22mshows stuck processing warning and recover control [33m 1871[2mms[22m[39m
   [33m[2m✓[22m[39m IntegrationEventsPanel[2m > [22mrecovers stale processing events and refreshes queue state [33m 1482[2mms[22m[39m
   [33m[2m✓[22m[39m IntegrationEventsPanel[2m > [22mshows guided empty-state actions when the queue is empty [33m 420[2mms[22m[39m
   [33m[2m✓[22m[39m IntegrationEventsPanel[2m > [22mrequires confirmation before retrying a failed event [33m 1071[2mms[22m[39m
   [33m[2m✓[22m[39m IntegrationEventsPanel[2m > [22mloads operator audit history for a selected event [33m 853[2mms[22m[39m
   [33m[2m✓[22m[39m IntegrationEventsPanel[2m > [22mshows an inline error when audit history lookup fails [33m 520[2mms[22m[39m
   [33m[2m✓[22m[39m IntegrationEventsPanel[2m > [22mrefreshes parity after replaying failed or dead items [33m 1191[2mms[22m[39m
 [32m✓[39m src/components/DrilldownModal.test.jsx [2m([22m[2m7 tests[22m[2m)[22m[33m 10152[2mms[22m[39m
   [33m[2m✓[22m[39m DrilldownModal behavior[2m > [22mcloses on Escape and restores focus to trigger [33m 1440[2mms[22m[39m
   [33m[2m✓[22m[39m DrilldownModal behavior[2m > [22mshows inline export error instead of browser alert [33m 1203[2mms[22m[39m
   [33m[2m✓[22m[39m DrilldownModal behavior[2m > [22mrenders benefits context with benefits metric column and no min earnings filter [33m 493[2mms[22m[39m
   [33m[2m✓[22m[39m DrilldownModal behavior[2m > [22mapplies recommended earnings preset to the drilldown query [33m 1315[2mms[22m[39m
   [33m[2m✓[22m[39m DrilldownModal behavior[2m > [22msaves and reapplies a custom drilldown preset [33m 4664[2mms[22m[39m
   [33m[2m✓[22m[39m DrilldownModal behavior[2m > [22mupdates benefits drilldown when benefit plan filter changes [33m 523[2mms[22m[39m
   [33m[2m✓[22m[39m DrilldownModal behavior[2m > [22muses a page-level workspace frame without duplicating the modal heading [33m 427[2mms[22m[39m
 [32m✓[39m src/components/Sidebar.test.jsx [2m([22m[2m1 test[22m[2m)[22m[33m 1902[2mms[22m[39m
   [33m[2m✓[22m[39m Sidebar[2m > [22mrenders grouped administration links for route-level workflows [33m 1897[2mms[22m[39m
 [32m✓[39m src/pages/AnalyticsPage.test.jsx [2m([22m[2m4 tests[22m[2m)[22m[33m 1610[2mms[22m[39m
   [33m[2m✓[22m[39m AnalyticsPage[2m > [22mupdates the selected reporting year from the filter bar [33m 595[2mms[22m[39m
   [33m[2m✓[22m[39m AnalyticsPage[2m > [22mapplies the selected department scope when opening a drilldown [33m 803[2mms[22m[39m
 [32m✓[39m src/pages/Register.test.jsx [2m([22m[2m4 tests[22m[2m)[22m[33m 2319[2mms[22m[39m
   [33m[2m✓[22m[39m Register page[2m > [22mshows an access-provisioned state when self-signup is disabled [33m 864[2mms[22m[39m
   [33m[2m✓[22m[39m Register page[2m > [22msubmits signup payload with user role and redirects to login when self-signup is enabled [33m 649[2mms[22m[39m
   [33m[2m✓[22m[39m Register page[2m > [22mshows inline error when registration fails [33m 421[2mms[22m[39m
   [33m[2m✓[22m[39m Register page[2m > [22mblocks submit when the password is too short [33m 375[2mms[22m[39m
 [32m✓[39m src/components/ChartsSection.test.jsx [2m([22m[2m3 tests[22m[2m)[22m[33m 1301[2mms[22m[39m
   [33m[2m✓[22m[39m ChartsSection[2m > [22mdoes not repeat the active scope badge across every chart card [33m 721[2mms[22m[39m
   [33m[2m✓[22m[39m ChartsSection[2m > [22msurfaces analytics brief cards that open targeted drilldowns [33m 332[2mms[22m[39m
 [32m✓[39m src/pages/AlertsPage.test.jsx [2m([22m[2m5 tests[22m[2m)[22m[33m 2099[2mms[22m[39m
   [33m[2m✓[22m[39m AlertsPage[2m > [22muses refresh wording for the healthy detail panel action [33m 821[2mms[22m[39m
   [33m[2m✓[22m[39m AlertsPage[2m > [22mrenders the follow-up queue and forwards the selected alert to the detail panel [33m 451[2mms[22m[39m
   [33m[2m✓[22m[39m AlertsPage[2m > [22mopens the alert settings modal when the user can manage alerts [33m 550[2mms[22m[39m
 [32m✓[39m src/pages/AnalyticsDrilldownPage.test.jsx [2m([22m[2m2 tests[22m[2m)[22m[33m 836[2mms[22m[39m
   [33m[2m✓[22m[39m AnalyticsDrilldownPage[2m > [22mreturns to analytics and preserves unrelated query params when closing the page workflow [33m 718[2mms[22m[39m
 [32m✓[39m src/components/OperationalReadinessPanel.test.jsx [2m([22m[2m2 tests[22m[2m)[22m[33m 1153[2mms[22m[39m
   [33m[2m✓[22m[39m OperationalReadinessPanel[2m > [22mrenders readiness cards and routes card actions through the callback [33m 1131[2mms[22m[39m
 [32m✓[39m src/components/DashboardHeader.test.jsx [2m([22m[2m1 test[22m[2m)[22m[33m 639[2mms[22m[39m
   [33m[2m✓[22m[39m DashboardHeader[2m > [22mrenders session status alongside system state for authenticated operators [33m 634[2mms[22m[39m
 [32m✓[39m src/components/BenefitsChart.test.jsx [2m([22m[2m3 tests[22m[2m)[22m[33m 1099[2mms[22m[39m
   [33m[2m✓[22m[39m BenefitsChart[2m > [22mshows impact insights and lets users open a plan-level drilldown [33m 772[2mms[22m[39m
 [32m✓[39m src/pages/AdminEmployeesPage.test.jsx [2m([22m[2m3 tests[22m[2m)[22m[33m 612[2mms[22m[39m
   [33m[2m✓[22m[39m AdminEmployeesPage[2m > [22mshows a permission message when the user cannot manage employees [33m 462[2mms[22m[39m
 [32m✓[39m src/pages/AdminUsersPage.test.jsx [2m([22m[2m2 tests[22m[2m)[22m[33m 446[2mms[22m[39m
   [33m[2m✓[22m[39m AdminUsersPage[2m > [22mshows a permission message when the user cannot manage workspace access [33m 422[2mms[22m[39m
 [32m✓[39m src/services/api.test.js [2m([22m[2m3 tests[22m[2m)[22m[32m 57[2mms[22m[39m
 [32m✓[39m src/contexts/AuthContext.test.jsx [2m([22m[2m2 tests[22m[2m)[22m[32m 171[2mms[22m[39m
 [32m✓[39m src/utils/chunkRecovery.test.js [2m([22m[2m3 tests[22m[2m)[22m[32m 25[2mms[22m[39m
 [32m✓[39m src/utils/sessionRestore.test.js [2m([22m[2m2 tests[22m[2m)[22m[32m 13[2mms[22m[39m
 [32m✓[39m src/components/AdminUsersModal.test.jsx [2m([22m[2m1 test[22m[2m)[22m[32m 227[2mms[22m[39m
 [32m✓[39m src/pages/IntegrationPage.test.jsx [2m([22m[2m2 tests[22m[2m)[22m[33m 363[2mms[22m[39m
   [33m[2m✓[22m[39m IntegrationPage[2m > [22mshows a permission message to non-operators instead of silently redirecting [33m 344[2mms[22m[39m
 [32m✓[39m src/components/RouteGuards.test.jsx [2m([22m[2m4 tests[22m[2m)[22m[32m 100[2mms[22m[39m

[2m Test Files [22m [1m[32m29 passed[39m[22m[90m (29)[39m
[2m      Tests [22m [1m[32m101 passed[39m[22m[90m (101)[39m
[2m   Start at [22m 18:54:15
[2m   Duration [22m 24.00s[2m (transform 6.73s, setup 19.53s, collect 37.02s, tests 75.19s, environment 83.19s, prepare 14.42s)[22m


> dashboard@0.0.0 build
> vite build

[36mvite v7.3.1 [32mbuilding client environment for production...[36m[39m
transforming...
[32m✓[39m 805 modules transformed.
rendering chunks...
computing gzip size...
[2mdist/[22m[32mindex.html                                  [39m[1m[2m  1.15 kB[22m[1m[22m[2m │ gzip:   0.53 kB[22m
[2mdist/[22m[35massets/Skeletons-Cp3BLv-9.css               [39m[1m[2m  1.45 kB[22m[1m[22m[2m │ gzip:   0.52 kB[22m
[2mdist/[22m[35massets/AdminUsersPage-DasPdp7t.css          [39m[1m[2m  5.71 kB[22m[1m[22m[2m │ gzip:   1.57 kB[22m
[2mdist/[22m[35massets/OverviewPage-CEgujuSp.css            [39m[1m[2m  7.55 kB[22m[1m[22m[2m │ gzip:   2.13 kB[22m
[2mdist/[22m[35massets/Login-BwFG7Nlx.css                   [39m[1m[2m  7.74 kB[22m[1m[22m[2m │ gzip:   2.00 kB[22m
[2mdist/[22m[35massets/AlertSettingsModal-Df9YuIt6.css      [39m[1m[2m  8.45 kB[22m[1m[22m[2m │ gzip:   2.07 kB[22m
[2mdist/[22m[35massets/index-B-8MAIrS.css                   [39m[1m[2m 11.06 kB[22m[1m[22m[2m │ gzip:   3.36 kB[22m
[2mdist/[22m[35massets/IntegrationPage-x44n4jFV.css         [39m[1m[2m 15.23 kB[22m[1m[22m[2m │ gzip:   3.14 kB[22m
[2mdist/[22m[35massets/AlertsPage-M49V7BiI.css              [39m[1m[2m 16.78 kB[22m[1m[22m[2m │ gzip:   4.00 kB[22m
[2mdist/[22m[35massets/AnalyticsDrilldownPage-CAC204k6.css  [39m[1m[2m 20.98 kB[22m[1m[22m[2m │ gzip:   3.92 kB[22m
[2mdist/[22m[35massets/AdminEmployeesPage-BFB-BDT5.css      [39m[1m[2m 21.52 kB[22m[1m[22m[2m │ gzip:   3.86 kB[22m
[2mdist/[22m[35massets/AnalyticsPage-D7GVOx1N.css           [39m[1m[2m 22.27 kB[22m[1m[22m[2m │ gzip:   4.32 kB[22m
[2mdist/[22m[35massets/DashboardLayout-Yjg-B_1q.css         [39m[1m[2m 28.94 kB[22m[1m[22m[2m │ gzip:   5.88 kB[22m
[2mdist/[22m[36massets/PageChromeContext-DcTjl3z5.js        [39m[1m[2m  0.16 kB[22m[1m[22m[2m │ gzip:   0.16 kB[22m
[2mdist/[22m[36massets/Login-DYOD2avn.js                    [39m[1m[2m  0.20 kB[22m[1m[22m[2m │ gzip:   0.18 kB[22m
[2mdist/[22m[36massets/drilldownRoute-9NXRjkvl.js           [39m[1m[2m  0.75 kB[22m[1m[22m[2m │ gzip:   0.40 kB[22m
[2mdist/[22m[36massets/DashboardDataContext-DvZMhT5_.js     [39m[1m[2m  0.92 kB[22m[1m[22m[2m │ gzip:   0.30 kB[22m
[2mdist/[22m[36massets/formatters-BXxb0T8r.js               [39m[1m[2m  0.95 kB[22m[1m[22m[2m │ gzip:   0.56 kB[22m
[2mdist/[22m[36massets/Skeletons-RhQMIFpG.js                [39m[1m[2m  1.15 kB[22m[1m[22m[2m │ gzip:   0.33 kB[22m
[2mdist/[22m[36massets/vendor-ui-ruZP_SUK.js                [39m[1m[2m  2.50 kB[22m[1m[22m[2m │ gzip:   1.08 kB[22m
[2mdist/[22m[36massets/Login-BCJ-HxDo.js                    [39m[1m[2m  5.25 kB[22m[1m[22m[2m │ gzip:   1.82 kB[22m
[2mdist/[22m[36massets/Register-DPZmvLbQ.js                 [39m[1m[2m  6.46 kB[22m[1m[22m[2m │ gzip:   2.00 kB[22m
[2mdist/[22m[36massets/AdminUsersPage-DjeRq8jq.js           [39m[1m[2m  6.87 kB[22m[1m[22m[2m │ gzip:   2.61 kB[22m
[2mdist/[22m[36massets/AlertSettingsModal-kxmq4aod.js       [39m[1m[2m 10.12 kB[22m[1m[22m[2m │ gzip:   3.40 kB[22m
[2mdist/[22m[36massets/DashboardLayout-DGLM_7Zp.js          [39m[1m[2m 12.39 kB[22m[1m[22m[2m │ gzip:   3.37 kB[22m
[2mdist/[22m[36massets/useDashboardData-DFE36zF6.js         [39m[1m[2m 14.39 kB[22m[1m[22m[2m │ gzip:   4.97 kB[22m
[2mdist/[22m[36massets/OverviewPage-DOdahSh_.js             [39m[1m[2m 15.75 kB[22m[1m[22m[2m │ gzip:   4.21 kB[22m
[2mdist/[22m[36massets/IntegrationPage-D3JG1EWV.js          [39m[1m[2m 24.05 kB[22m[1m[22m[2m │ gzip:   6.39 kB[22m
[2mdist/[22m[36massets/AlertsPage-CXcNyHUi.js               [39m[1m[2m 26.27 kB[22m[1m[22m[2m │ gzip:   7.59 kB[22m
[2mdist/[22m[36massets/AnalyticsDrilldownPage-CmCQnccf.js   [39m[1m[2m 27.69 kB[22m[1m[22m[2m │ gzip:   7.70 kB[22m
[2mdist/[22m[36massets/AdminEmployeesPage-DJPbPwSM.js       [39m[1m[2m 31.34 kB[22m[1m[22m[2m │ gzip:   8.82 kB[22m
[2mdist/[22m[36massets/AnalyticsPage-Cd52P2__.js            [39m[1m[2m 43.09 kB[22m[1m[22m[2m │ gzip:  10.63 kB[22m
[2mdist/[22m[36massets/vendor-utils-B98GmyO1.js             [39m[1m[2m 47.01 kB[22m[1m[22m[2m │ gzip:  18.11 kB[22m
[2mdist/[22m[36massets/vendor-react-B3RO7VXC.js             [39m[1m[2m 48.16 kB[22m[1m[22m[2m │ gzip:  17.15 kB[22m
[2mdist/[22m[36massets/index-ByhciL8P.js                    [39m[1m[2m216.57 kB[22m[1m[22m[2m │ gzip:  65.81 kB[22m
[2mdist/[22m[36massets/vendor-charts-Yu-a2iwj.js            [39m[1m[2m363.33 kB[22m[1m[22m[2m │ gzip: 108.42 kB[22m
[32m✓ built in 4.81s[39m
found 0 vulnerabilities
